[debug] [2021-02-23T07:04:18.094Z] ----------------------------------------------------------------------
[debug] [2021-02-23T07:04:18.098Z] Command:       /usr/local/Cellar/node/15.1.0/bin/node /usr/local/bin/firebase deploy
[debug] [2021-02-23T07:04:18.098Z] CLI Version:   8.16.2
[debug] [2021-02-23T07:04:18.098Z] Platform:      darwin
[debug] [2021-02-23T07:04:18.098Z] Node Version:  v15.1.0
[debug] [2021-02-23T07:04:18.100Z] Time:          Tue Feb 23 2021 08:04:18 GMT+0100 (Central European Standard Time)
[debug] [2021-02-23T07:04:18.100Z] ----------------------------------------------------------------------
[debug] [2021-02-23T07:04:18.101Z] 
[debug] [2021-02-23T07:04:18.104Z] >>> [apiv2][query] GET https://firebase-public.firebaseio.com/cli.json [none]
[debug] [2021-02-23T07:04:18.146Z] > command requires scopes: ["email","openid","https://www.googleapis.com/auth/cloudplatformprojects.readonly","https://www.googleapis.com/auth/firebase","https://www.googleapis.com/auth/cloud-platform"]
[debug] [2021-02-23T07:04:18.147Z] > authorizing via signed-in user
[debug] [2021-02-23T07:04:18.148Z] [iam] checking project apimosa-930ed for permissions ["datastore.indexes.create","datastore.indexes.delete","datastore.indexes.list","datastore.indexes.update","firebase.projects.get","firebasehosting.sites.update"]
[debug] [2021-02-23T07:04:18.152Z] > refreshing access token with scopes: ["email","https://www.googleapis.com/auth/cloud-platform","https://www.googleapis.com/auth/cloudplatformprojects.readonly","https://www.googleapis.com/auth/firebase","openid"]
[debug] [2021-02-23T07:04:18.153Z] >>> HTTP REQUEST POST https://www.googleapis.com/oauth2/v3/token  
 <request body omitted>
[debug] [2021-02-23T07:04:18.168Z] FetchError: request to https://firebase-public.firebaseio.com/cli.json failed, reason: getaddrinfo ENOTFOUND firebase-public.firebaseio.com
    at ClientRequest.<anonymous> (/usr/local/lib/node_modules/firebase-tools/node_modules/node-fetch/lib/index.js:1461:11)
    at ClientRequest.emit (node:events:327:20)
    at ClientRequest.EventEmitter.emit (node:domain:486:12)
    at TLSSocket.socketErrorListener (node:_http_client:478:9)
    at TLSSocket.emit (node:events:327:20)
    at TLSSocket.EventEmitter.emit (node:domain:486:12)
    at emitErrorNT (node:internal/streams/destroy:188:8)
    at emitErrorCloseNT (node:internal/streams/destroy:153:3)
    at processTicksAndRejections (node:internal/process/task_queues:80:21)
[error] 
[error] Error: Failed to make request to https://firebase-public.firebaseio.com/cli.json
[debug] [2021-02-23T07:04:18.196Z] [iam] error while checking permissions, command may fail: FirebaseError: Authentication Error: Your credentials are no longer valid. Please run firebase login --reauth

For CI servers and headless environments, generate a new token with firebase login:ci
[debug] [2021-02-23T07:04:18.198Z] > refreshing access token with scopes: ["email","https://www.googleapis.com/auth/cloud-platform","https://www.googleapis.com/auth/cloudplatformprojects.readonly","https://www.googleapis.com/auth/firebase","openid"]
[debug] [2021-02-23T07:04:18.198Z] >>> HTTP REQUEST POST https://www.googleapis.com/oauth2/v3/token  
 <request body omitted>
[debug] [2021-02-23T07:04:18.203Z] Authentication Error: Your credentials are no longer valid. Please run firebase login --reauth

For CI servers and headless environments, generate a new token with firebase login:ci
[debug] [2021-02-23T07:04:18.213Z] FirebaseError: Authentication Error: Your credentials are no longer valid. Please run firebase login --reauth

For CI servers and headless environments, generate a new token with firebase login:ci
    at Object.<anonymous> (/usr/local/lib/node_modules/firebase-tools/lib/auth.js:23:32)
    at Module._compile (node:internal/modules/cjs/loader:1083:30)
    at Object.Module._extensions..js (node:internal/modules/cjs/loader:1112:10)
    at Module.load (node:internal/modules/cjs/loader:948:32)
    at Function.Module._load (node:internal/modules/cjs/loader:789:14)
    at Module.require (node:internal/modules/cjs/loader:972:19)
    at require (node:internal/modules/cjs/helpers:88:18)
    at Object.<anonymous> (/usr/local/lib/node_modules/firebase-tools/lib/init/features/hosting/github.js:20:16)
    at Module._compile (node:internal/modules/cjs/loader:1083:30)
    at Object.Module._extensions..js (node:internal/modules/cjs/loader:1112:10)
    at Module.load (node:internal/modules/cjs/loader:948:32)
    at Function.Module._load (node:internal/modules/cjs/loader:789:14)
    at Module.require (node:internal/modules/cjs/loader:972:19)
    at require (node:internal/modules/cjs/helpers:88:18)
    at Object.<anonymous> (/usr/local/lib/node_modules/firebase-tools/lib/init/features/hosting/index.js:7:24)
    at Module._compile (node:internal/modules/cjs/loader:1083:30)
[error] 
[error] Error: Failed to get Firebase project apimosa-930ed. Please make sure the project exists and your account has permission to access it.
